0 info it worked if it ends with ok
1 verbose cli [ '/usr/local/Cellar/node/5.6.0/bin/node',
1 verbose cli   '/usr/local/bin/npm',
1 verbose cli   'start' ]
2 info using npm@3.7.3
3 info using node@v5.6.0
4 verbose run-script [ 'prestart', 'start', 'poststart' ]
5 info lifecycle something-changed@0.1.1~prestart: something-changed@0.1.1
6 silly lifecycle something-changed@0.1.1~prestart: no script for prestart, continuing
7 info lifecycle something-changed@0.1.1~start: something-changed@0.1.1
8 verbose lifecycle something-changed@0.1.1~start: unsafe-perm in lifecycle true
9 verbose lifecycle something-changed@0.1.1~start: PATH: /usr/local/lib/node_modules/npm/bin/node-gyp-bin:/Users/grue/Projects/Active/something-changed/node_modules/.bin:/usr/local/Cellar/node/5.6.0/bin:/usr/local/bin:/usr/bin:/bin:/usr/sbin:/sbin:/usr/local/go/bin:/usr/local/go/bin:/Applications/Postgres.app/Contents/Versions/latest/bin
10 verbose lifecycle something-changed@0.1.1~start: CWD: /Users/grue/Projects/Active/something-changed
11 silly lifecycle something-changed@0.1.1~start: Args: [ '-c', 'node index.js' ]
12 silly lifecycle something-changed@0.1.1~start: Returned: code: 1  signal: null
13 info lifecycle something-changed@0.1.1~start: Failed to exec start script
14 verbose stack Error: something-changed@0.1.1 start: `node index.js`
14 verbose stack Exit status 1
14 verbose stack     at EventEmitter.<anonymous> (/usr/local/lib/node_modules/npm/lib/utils/lifecycle.js:239:16)
14 verbose stack     at emitTwo (events.js:100:13)
14 verbose stack     at EventEmitter.emit (events.js:185:7)
14 verbose stack     at ChildProcess.<anonymous> (/usr/local/lib/node_modules/npm/lib/utils/spawn.js:24:14)
14 verbose stack     at emitTwo (events.js:100:13)
14 verbose stack     at ChildProcess.emit (events.js:185:7)
14 verbose stack     at maybeClose (internal/child_process.js:827:16)
14 verbose stack     at Process.ChildProcess._handle.onexit (internal/child_process.js:211:5)
15 verbose pkgid something-changed@0.1.1
16 verbose cwd /Users/grue/Projects/Active/something-changed/scripts
17 error Darwin 16.1.0
18 error argv "/usr/local/Cellar/node/5.6.0/bin/node" "/usr/local/bin/npm" "start"
19 error node v5.6.0
20 error npm  v3.7.3
21 error code ELIFECYCLE
22 error something-changed@0.1.1 start: `node index.js`
22 error Exit status 1
23 error Failed at the something-changed@0.1.1 start script 'node index.js'.
23 error Make sure you have the latest version of node.js and npm installed.
23 error If you do, this is most likely a problem with the something-changed package,
23 error not with npm itself.
23 error Tell the author that this fails on your system:
23 error     node index.js
23 error You can get information on how to open an issue for this project with:
23 error     npm bugs something-changed
23 error Or if that isn't available, you can get their info via:
23 error     npm owner ls something-changed
23 error There is likely additional logging output above.
24 verbose exit [ 1, true ]
